{"name": "DELETE видаляє запис", "status": "failed", "statusDetails": {"message": "AssertionError: assert None == 1", "trace": "@allure.feature(\"DB CRUD\")\n    @allure.title(\"DELETE видаляє запис\")\n    def test_delete():\n        with allure.step(\"Вставляємо користувача Diana\"):\n            uid = insert_user(\"Diana\", \"diana@example.com\")\n        with allure.step(\"Видаляємо цього користувача\"):\n            affected = delete_user(uid)\n>           assert affected == 1\nE           assert None == 1\n\ntests/test_app.py:54: AssertionError"}, "steps": [{"name": "Вставляємо користувача Diana", "status": "passed", "start": 1757013192896, "stop": 1757013192899}, {"name": "Видаляємо цього користувача", "status": "failed", "statusDetails": {"message": "AssertionError: assert None == 1\n", "trace": "  File \"/app/tests/test_app.py\", line 54, in test_delete\n    assert affected == 1\n"}, "start": 1757013192899, "stop": 1757013192902}], "start": 1757013192896, "stop": 1757013192902, "uuid": "9eac1185-d6c7-4a1b-94fa-a6b8dc2e5416", "historyId": "46921518b8019b3e761d49bdfda9ce91", "testCaseId": "46921518b8019b3e761d49bdfda9ce91", "fullName": "tests.test_app#test_delete", "labels": [{"name": "feature", "value": "DB CRUD"}, {"name": "parentSuite", "value": "tests"}, {"name": "suite", "value": "test_app"}, {"name": "host", "value": "8d691787aa82"}, {"name": "thread", "value": "1-MainThread"}, {"name": "framework", "value": "pytest"}, {"name": "language", "value": "cpython3"}, {"name": "package", "value": "tests.test_app"}]}